[INFO] Scanning for projects...
[INFO] 
[INFO] --------------------------< com.example:demo >--------------------------
[INFO] Building carmarqControl 0.0.1-SNAPSHOT
[INFO]   from pom.xml
[INFO] --------------------------------[ jar ]---------------------------------
[INFO] 
[INFO] --- clean:3.5.0:clean (default-clean) @ demo ---
[INFO] Deleting C:\Users\gabri\Downloads\CarmaqControl\target
[INFO] 
[INFO] --- resources:3.3.1:resources (default-resources) @ demo ---
[INFO] Copying 1 resource from src\main\resources to target\classes
[INFO] Copying 0 resource from src\main\resources to target\classes
[INFO] 
[INFO] --- compiler:3.14.1:compile (default-compile) @ demo ---
[INFO] Recompiling the module because of changed source code.
[INFO] Compiling 14 source files with javac [debug parameters release 17] to target\classes
WARNING: A terminally deprecated method in sun.misc.Unsafe has been called
WARNING: sun.misc.Unsafe::objectFieldOffset has been called by lombok.permit.Permit
WARNING: Please consider reporting this to the maintainers of class lombok.permit.Permit
WARNING: sun.misc.Unsafe::objectFieldOffset will be removed in a future release
[INFO] /C:/Users/gabri/Downloads/CarmaqControl/src/main/java/com/example/Config/JwtAuthenticationFilter.java: C:\Users\gabri\Downloads\CarmaqControl\src\main\java\com\example\Config\JwtAuthenticationFilter.java uses or overrides a deprecated API.
[INFO] /C:/Users/gabri/Downloads/CarmaqControl/src/main/java/com/example/Config/JwtAuthenticationFilter.java: Recompile with -Xlint:deprecation for details.
[INFO] 
[INFO] --- resources:3.3.1:testResources (default-testResources) @ demo ---
[INFO] skip non existing resourceDirectory C:\Users\gabri\Downloads\CarmaqControl\src\test\resources
[INFO] 
[INFO] --- compiler:3.14.1:testCompile (default-testCompile) @ demo ---
[INFO] Recompiling the module because of changed dependency.
[INFO] Compiling 1 source file with javac [debug parameters release 17] to target\test-classes
[INFO] 
[INFO] --- surefire:3.5.4:test (default-test) @ demo ---
[INFO] Using auto detected provider org.apache.maven.surefire.junitplatform.JUnitPlatformProvider
[INFO] 
[INFO] -------------------------------------------------------
[INFO]  T E S T S
[INFO] -------------------------------------------------------
[INFO] Running com.example.CarmarqControlApplicationTests
21:31:43.468 [main] INFO org.springframework.test.context.support.AnnotationConfigContextLoaderUtils -- Could not detect default configuration classes for test class [com.example.CarmarqControlApplicationTests]: CarmarqControlApplicationTests does not declare any static, non-private, non-final, nested classes annotated with @Configuration.
21:31:43.621 [main] INFO org.springframework.boot.test.context.SpringBootTestContextBootstrapper -- Found @SpringBootConfiguration com.example.CarmarqControlApplication for test class com.example.CarmarqControlApplicationTests
21:31:43.880 [main] INFO org.springframework.boot.devtools.restart.RestartApplicationListener -- Restart disabled due to context in which it is running

  .   ____          _            __ _ _
 /\\ / ___'_ __ _ _(_)_ __  __ _ \ \ \ \
( ( )\___ | '_ | '_| | '_ \/ _` | \ \ \ \
 \\/  ___)| |_)| | | | | || (_| |  ) ) ) )
  '  |____| .__|_| |_|_| |_\__, | / / / /
 =========|_|==============|___/=/_/_/_/

 :: Spring Boot ::                (v4.0.2)

2026-03-12T21:31:44.545-03:00  INFO 35428 --- [carmaqcontrol] [           main] c.e.CarmarqControlApplicationTests       : Starting CarmarqControlApplicationTests using Java 25.0.1 with PID 35428 (started by gabri in C:\Users\gabri\Downloads\CarmaqControl)
2026-03-12T21:31:44.551-03:00  INFO 35428 --- [carmaqcontrol] [           main] c.e.CarmarqControlApplicationTests       : No active profile set, falling back to 1 default profile: "default"
2026-03-12T21:31:45.828-03:00  INFO 35428 --- [carmaqcontrol] [           main] .s.d.r.c.RepositoryConfigurationDelegate : Bootstrapping Spring Data JPA repositories in DEFAULT mode.
2026-03-12T21:31:45.981-03:00  INFO 35428 --- [carmaqcontrol] [           main] .s.d.r.c.RepositoryConfigurationDelegate : Finished Spring Data repository scanning in 119 ms. Found 1 JPA repository interface.
2026-03-12T21:31:47.065-03:00  INFO 35428 --- [carmaqcontrol] [           main] org.hibernate.orm.jpa                    : HHH008540: Processing PersistenceUnitInfo [name: default]
2026-03-12T21:31:47.254-03:00  INFO 35428 --- [carmaqcontrol] [           main] org.hibernate.orm.core                   : HHH000001: Hibernate ORM core version 7.2.1.Final
2026-03-12T21:31:48.655-03:00  INFO 35428 --- [carmaqcontrol] [           main] o.s.o.j.p.SpringPersistenceUnitInfo      : No LoadTimeWeaver setup: ignoring JPA class transformer
2026-03-12T21:31:48.717-03:00  INFO 35428 --- [carmaqcontrol] [           main] com.zaxxer.hikari.HikariDataSource       : HikariPool-1 - Starting...
2026-03-12T21:31:49.029-03:00  INFO 35428 --- [carmaqcontrol] [           main] com.zaxxer.hikari.pool.HikariPool        : HikariPool-1 - Added connection org.postgresql.jdbc.PgConnection@379b4e86
2026-03-12T21:31:49.032-03:00  INFO 35428 --- [carmaqcontrol] [           main] com.zaxxer.hikari.HikariDataSource       : HikariPool-1 - Start completed.
2026-03-12T21:31:49.087-03:00  WARN 35428 --- [carmaqcontrol] [           main] org.hibernate.orm.deprecation            : HHH90000025: PostgreSQLDialect does not need to be specified explicitly using 'hibernate.dialect' (remove the property setting and it will be selected by default)
2026-03-12T21:31:49.124-03:00  INFO 35428 --- [carmaqcontrol] [           main] org.hibernate.orm.connections.pooling    : HHH10001005: Database info:
	Database JDBC URL [jdbc:postgresql://localhost:5432/carmaqcontrol]
	Database driver: PostgreSQL JDBC Driver
	Database dialect: PostgreSQLDialect
	Database version: 17.5
	Default catalog/schema: carmaqcontrol/public
	Autocommit mode: undefined/unknown
	Isolation level: READ_COMMITTED [default READ_COMMITTED]
	JDBC fetch size: none
	Pool: DataSourceConnectionProvider
	Minimum pool size: undefined/unknown
	Maximum pool size: undefined/unknown
2026-03-12T21:31:50.543-03:00  INFO 35428 --- [carmaqcontrol] [           main] org.hibernate.orm.core                   : HHH000489: No JTA platform available (set 'hibernate.transaction.jta.platform' to enable JTA platform integration)
2026-03-12T21:31:50.647-03:00  INFO 35428 --- [carmaqcontrol] [           main] j.LocalContainerEntityManagerFactoryBean : Initialized JPA EntityManagerFactory for persistence unit 'default'
2026-03-12T21:31:50.779-03:00  INFO 35428 --- [carmaqcontrol] [           main] o.s.d.j.r.query.QueryEnhancerFactories   : Hibernate is in classpath; If applicable, HQL parser will be used.
2026-03-12T21:31:51.222-03:00  WARN 35428 --- [carmaqcontrol] [           main] JpaBaseConfiguration$JpaWebConfiguration : spring.jpa.open-in-view is enabled by default. Therefore, database queries may be performed during view rendering. Explicitly configure spring.jpa.open-in-view to disable this warning
2026-03-12T21:31:51.410-03:00  INFO 35428 --- [carmaqcontrol] [           main] r$InitializeUserDetailsManagerConfigurer : Global AuthenticationManager configured with UserDetailsService bean with name usuarioService
2026-03-12T21:31:52.215-03:00  INFO 35428 --- [carmaqcontrol] [           main] c.e.CarmarqControlApplicationTests       : Started CarmarqControlApplicationTests in 8.358 seconds (process running for 9.753)
Mockito is currently self-attaching to enable the inline-mock-maker. This will no longer work in future releases of the JDK. Please add Mockito as an agent to your build as described in Mockito's documentation: https://javadoc.io/doc/org.mockito/mockito-core/latest/org.mockito/org/mockito/Mockito.html#0.3
Java HotSpot(TM) 64-Bit Server VM warning: Sharing is only supported for boot loader classes because bootstrap classpath has been appended
WARNING: A Java agent has been loaded dynamically (C:\Users\gabri\.m2\repository\net\bytebuddy\byte-buddy-agent\1.17.8\byte-buddy-agent-1.17.8.jar)
WARNING: If a serviceability tool is in use, please run with -XX:+EnableDynamicAgentLoading to hide this warning
WARNING: If a serviceability tool is not in use, please run with -Djdk.instrument.traceUsage for more information
WARNING: Dynamic loading of agents will be disallowed by default in a future release
[INFO] Tests run: 1, Failures: 0, Errors: 0, Skipped: 0, Time elapsed: 9.487 s -- in com.example.CarmarqControlApplicationTests
[INFO] 
[INFO] Results:
[INFO] 
[INFO] Tests run: 1, Failures: 0, Errors: 0, Skipped: 0
[INFO] 
[INFO] 
[INFO] --- jar:3.4.2:jar (default-jar) @ demo ---
[INFO] Building jar: C:\Users\gabri\Downloads\CarmaqControl\target\demo-0.0.1-SNAPSHOT.jar
[INFO] 
[INFO] --- spring-boot:4.0.2:repackage (repackage) @ demo ---
[INFO] Replacing main artifact C:\Users\gabri\Downloads\CarmaqControl\target\demo-0.0.1-SNAPSHOT.jar with repackaged archive, adding nested dependencies in BOOT-INF/.
[INFO] The original artifact has been renamed to C:\Users\gabri\Downloads\CarmaqControl\target\demo-0.0.1-SNAPSHOT.jar.original
[INFO] ------------------------------------------------------------------------
[INFO] BUILD SUCCESS
[INFO] ------------------------------------------------------------------------
[INFO] Total time:  18.174 s
[INFO] Finished at: 2026-03-12T21:31:54-03:00
[INFO] ------------------------------------------------------------------------
