[INFO] Scanning for projects...
[INFO] 
[INFO] --------------------------< com.example:demo >--------------------------
[INFO] Building carmarqControl 0.0.1-SNAPSHOT
[INFO]   from pom.xml
[INFO] --------------------------------[ jar ]---------------------------------
[INFO] 
[INFO] --- resources:3.3.1:resources (default-resources) @ demo ---
[INFO] Copying 1 resource from src\main\resources to target\classes
[INFO] Copying 0 resource from src\main\resources to target\classes
[INFO] 
[INFO] --- compiler:3.14.1:compile (default-compile) @ demo ---
[INFO] Recompiling the module because of changed source code.
[INFO] Compiling 72 source files with javac [debug parameters release 17] to target\classes
WARNING: A terminally deprecated method in sun.misc.Unsafe has been called
WARNING: sun.misc.Unsafe::objectFieldOffset has been called by lombok.permit.Permit
WARNING: Please consider reporting this to the maintainers of class lombok.permit.Permit
WARNING: sun.misc.Unsafe::objectFieldOffset will be removed in a future release
[INFO] -------------------------------------------------------------
[ERROR] COMPILATION ERROR : 
[INFO] -------------------------------------------------------------
[ERROR] /C:/Users/gabri/Downloads/CarmaqControl/src/main/java/com/example/Service/ReportService.java:[757,31] reference to Table is ambiguous
  both interface org.apache.poi.ss.usermodel.Table in org.apache.poi.ss.usermodel and class com.itextpdf.layout.element.Table in com.itextpdf.layout.element match
[ERROR] /C:/Users/gabri/Downloads/CarmaqControl/src/main/java/com/example/Service/ReportService.java:[770,29] reference to Table is ambiguous
  both interface org.apache.poi.ss.usermodel.Table in org.apache.poi.ss.usermodel and class com.itextpdf.layout.element.Table in com.itextpdf.layout.element match
[ERROR] /C:/Users/gabri/Downloads/CarmaqControl/src/main/java/com/example/Service/ReportService.java:[782,30] reference to Table is ambiguous
  both interface org.apache.poi.ss.usermodel.Table in org.apache.poi.ss.usermodel and class com.itextpdf.layout.element.Table in com.itextpdf.layout.element match
[INFO] 3 errors 
[INFO] -------------------------------------------------------------
[INFO] ------------------------------------------------------------------------
[INFO] BUILD FAILURE
[INFO] ------------------------------------------------------------------------
[INFO] Total time:  6.901 s
[INFO] Finished at: 2026-03-24T20:50:37-03:00
[INFO] ------------------------------------------------------------------------
[ERROR] Failed to execute goal org.apache.maven.plugins:maven-compiler-plugin:3.14.1:compile (default-compile) on project demo: Compilation failure: Compilation failure: 
[ERROR] /C:/Users/gabri/Downloads/CarmaqControl/src/main/java/com/example/Service/ReportService.java:[757,31] reference to Table is ambiguous
[ERROR]   both interface org.apache.poi.ss.usermodel.Table in org.apache.poi.ss.usermodel and class com.itextpdf.layout.element.Table in com.itextpdf.layout.element match
[ERROR] /C:/Users/gabri/Downloads/CarmaqControl/src/main/java/com/example/Service/ReportService.java:[770,29] reference to Table is ambiguous
[ERROR]   both interface org.apache.poi.ss.usermodel.Table in org.apache.poi.ss.usermodel and class com.itextpdf.layout.element.Table in com.itextpdf.layout.element match
[ERROR] /C:/Users/gabri/Downloads/CarmaqControl/src/main/java/com/example/Service/ReportService.java:[782,30] reference to Table is ambiguous
[ERROR]   both interface org.apache.poi.ss.usermodel.Table in org.apache.poi.ss.usermodel and class com.itextpdf.layout.element.Table in com.itextpdf.layout.element match
[ERROR] -> [Help 1]
[ERROR] 
[ERROR] To see the full stack trace of the errors, re-run Maven with the -e switch.
[ERROR] Re-run Maven using the -X switch to enable full debug logging.
[ERROR] 
[ERROR] For more information about the errors and possible solutions, please read the following articles:
[ERROR] [Help 1] http://cwiki.apache.org/confluence/display/MAVEN/MojoFailureException
