[INFO] Scanning for projects...
[INFO] 
[INFO] --------------------------< com.example:demo >--------------------------
[INFO] Building carmarqControl 0.0.1-SNAPSHOT
[INFO]   from pom.xml
[INFO] --------------------------------[ jar ]---------------------------------
[INFO] 
[INFO] >>> spring-boot:4.0.2:run (default-cli) > test-compile @ demo >>>
[INFO] 
[INFO] --- resources:3.3.1:resources (default-resources) @ demo ---
[INFO] Copying 1 resource from src\main\resources to target\classes
[INFO] Copying 0 resource from src\main\resources to target\classes
[INFO] 
[INFO] --- compiler:3.14.1:compile (default-compile) @ demo ---
[INFO] Nothing to compile - all classes are up to date.
[INFO] 
[INFO] --- resources:3.3.1:testResources (default-testResources) @ demo ---
[INFO] skip non existing resourceDirectory C:\Users\gabri\Downloads\CarmaqControl\src\test\resources
[INFO] 
[INFO] --- compiler:3.14.1:testCompile (default-testCompile) @ demo ---
[INFO] Nothing to compile - all classes are up to date.
[INFO] 
[INFO] <<< spring-boot:4.0.2:run (default-cli) < test-compile @ demo <<<
[INFO] 
[INFO] 
[INFO] --- spring-boot:4.0.2:run (default-cli) @ demo ---
[INFO] Attaching agents: []

  .   ____          _            __ _ _
 /\\ / ___'_ __ _ _(_)_ __  __ _ \ \ \ \
( ( )\___ | '_ | '_| | '_ \/ _` | \ \ \ \
 \\/  ___)| |_)| | | | | || (_| |  ) ) ) )
  '  |____| .__|_| |_|_| |_\__, | / / / /
 =========|_|==============|___/=/_/_/_/

 :: Spring Boot ::                (v4.0.2)

2026-03-12T21:32:22.959-03:00  INFO 12380 --- [carmaqcontrol] [  restartedMain] com.example.CarmarqControlApplication    : Starting CarmarqControlApplication using Java 25.0.1 with PID 12380 (C:\Users\gabri\Downloads\CarmaqControl\target\classes started by gabri in C:\Users\gabri\Downloads\CarmaqControl)
2026-03-12T21:32:22.962-03:00  INFO 12380 --- [carmaqcontrol] [  restartedMain] com.example.CarmarqControlApplication    : No active profile set, falling back to 1 default profile: "default"
2026-03-12T21:32:23.021-03:00  INFO 12380 --- [carmaqcontrol] [  restartedMain] .e.DevToolsPropertyDefaultsPostProcessor : Devtools property defaults active! Set 'spring.devtools.add-properties' to 'false' to disable
2026-03-12T21:32:23.021-03:00  INFO 12380 --- [carmaqcontrol] [  restartedMain] .e.DevToolsPropertyDefaultsPostProcessor : For additional web related logging consider setting the 'logging.level.web' property to 'DEBUG'
2026-03-12T21:32:23.730-03:00  INFO 12380 --- [carmaqcontrol] [  restartedMain] .s.d.r.c.RepositoryConfigurationDelegate : Bootstrapping Spring Data JPA repositories in DEFAULT mode.
2026-03-12T21:32:23.787-03:00  INFO 12380 --- [carmaqcontrol] [  restartedMain] .s.d.r.c.RepositoryConfigurationDelegate : Finished Spring Data repository scanning in 49 ms. Found 1 JPA repository interface.
2026-03-12T21:32:24.369-03:00  INFO 12380 --- [carmaqcontrol] [  restartedMain] o.s.boot.tomcat.TomcatWebServer          : Tomcat initialized with port 8080 (http)
2026-03-12T21:32:24.389-03:00  INFO 12380 --- [carmaqcontrol] [  restartedMain] o.apache.catalina.core.StandardService   : Starting service [Tomcat]
2026-03-12T21:32:24.389-03:00  INFO 12380 --- [carmaqcontrol] [  restartedMain] o.apache.catalina.core.StandardEngine    : Starting Servlet engine: [Apache Tomcat/11.0.15]
2026-03-12T21:32:24.434-03:00  INFO 12380 --- [carmaqcontrol] [  restartedMain] b.w.c.s.WebApplicationContextInitializer : Root WebApplicationContext: initialization completed in 1413 ms
2026-03-12T21:32:24.566-03:00  INFO 12380 --- [carmaqcontrol] [  restartedMain] org.hibernate.orm.jpa                    : HHH008540: Processing PersistenceUnitInfo [name: default]
2026-03-12T21:32:24.613-03:00  INFO 12380 --- [carmaqcontrol] [  restartedMain] org.hibernate.orm.core                   : HHH000001: Hibernate ORM core version 7.2.1.Final
2026-03-12T21:32:25.086-03:00  INFO 12380 --- [carmaqcontrol] [  restartedMain] o.s.o.j.p.SpringPersistenceUnitInfo      : No LoadTimeWeaver setup: ignoring JPA class transformer
2026-03-12T21:32:25.114-03:00  INFO 12380 --- [carmaqcontrol] [  restartedMain] com.zaxxer.hikari.HikariDataSource       : HikariPool-1 - Starting...
2026-03-12T21:32:25.411-03:00  INFO 12380 --- [carmaqcontrol] [  restartedMain] com.zaxxer.hikari.pool.HikariPool        : HikariPool-1 - Added connection org.postgresql.jdbc.PgConnection@7c8d7b6
2026-03-12T21:32:25.412-03:00  INFO 12380 --- [carmaqcontrol] [  restartedMain] com.zaxxer.hikari.HikariDataSource       : HikariPool-1 - Start completed.
2026-03-12T21:32:25.442-03:00  WARN 12380 --- [carmaqcontrol] [  restartedMain] org.hibernate.orm.deprecation            : HHH90000025: PostgreSQLDialect does not need to be specified explicitly using 'hibernate.dialect' (remove the property setting and it will be selected by default)
2026-03-12T21:32:25.467-03:00  INFO 12380 --- [carmaqcontrol] [  restartedMain] org.hibernate.orm.connections.pooling    : HHH10001005: Database info:
	Database JDBC URL [jdbc:postgresql://localhost:5432/carmaqcontrol]
	Database driver: PostgreSQL JDBC Driver
	Database dialect: PostgreSQLDialect
	Database version: 17.5
	Default catalog/schema: carmaqcontrol/public
	Autocommit mode: undefined/unknown
	Isolation level: READ_COMMITTED [default READ_COMMITTED]
	JDBC fetch size: none
	Pool: DataSourceConnectionProvider
	Minimum pool size: undefined/unknown
	Maximum pool size: undefined/unknown
2026-03-12T21:32:26.436-03:00  INFO 12380 --- [carmaqcontrol] [  restartedMain] org.hibernate.orm.core                   : HHH000489: No JTA platform available (set 'hibernate.transaction.jta.platform' to enable JTA platform integration)
2026-03-12T21:32:26.520-03:00  INFO 12380 --- [carmaqcontrol] [  restartedMain] j.LocalContainerEntityManagerFactoryBean : Initialized JPA EntityManagerFactory for persistence unit 'default'
2026-03-12T21:32:26.606-03:00  INFO 12380 --- [carmaqcontrol] [  restartedMain] o.s.d.j.r.query.QueryEnhancerFactories   : Hibernate is in classpath; If applicable, HQL parser will be used.
2026-03-12T21:32:27.005-03:00  WARN 12380 --- [carmaqcontrol] [  restartedMain] JpaBaseConfiguration$JpaWebConfiguration : spring.jpa.open-in-view is enabled by default. Therefore, database queries may be performed during view rendering. Explicitly configure spring.jpa.open-in-view to disable this warning
2026-03-12T21:32:27.092-03:00  INFO 12380 --- [carmaqcontrol] [  restartedMain] r$InitializeUserDetailsManagerConfigurer : Global AuthenticationManager configured with UserDetailsService bean with name usuarioService
2026-03-12T21:32:27.580-03:00  INFO 12380 --- [carmaqcontrol] [  restartedMain] o.s.boot.tomcat.TomcatWebServer          : Tomcat started on port 8080 (http) with context path '/'
2026-03-12T21:32:27.594-03:00  INFO 12380 --- [carmaqcontrol] [  restartedMain] com.example.CarmarqControlApplication    : Started CarmarqControlApplication in 5.041 seconds (process running for 5.552)
2026-03-12T21:33:56.342-03:00  INFO 12380 --- [carmaqcontrol] [   File Watcher] rtingClassPathChangeChangedEventListener : Restarting due to 16 class path changes (0 additions, 0 deletions, 16 modifications)
2026-03-12T21:33:56.348-03:00  INFO 12380 --- [carmaqcontrol] [       Thread-1] o.s.boot.tomcat.GracefulShutdown         : Commencing graceful shutdown. Waiting for active requests to complete
2026-03-12T21:33:56.355-03:00  INFO 12380 --- [carmaqcontrol] [tomcat-shutdown] o.s.boot.tomcat.GracefulShutdown         : Graceful shutdown complete
2026-03-12T21:33:56.360-03:00  INFO 12380 --- [carmaqcontrol] [       Thread-1] j.LocalContainerEntityManagerFactoryBean : Closing JPA EntityManagerFactory for persistence unit 'default'
2026-03-12T21:33:56.364-03:00  INFO 12380 --- [carmaqcontrol] [       Thread-1] com.zaxxer.hikari.HikariDataSource       : HikariPool-1 - Shutdown initiated...
2026-03-12T21:33:56.367-03:00  INFO 12380 --- [carmaqcontrol] [       Thread-1] com.zaxxer.hikari.HikariDataSource       : HikariPool-1 - Shutdown completed.

  .   ____          _            __ _ _
 /\\ / ___'_ __ _ _(_)_ __  __ _ \ \ \ \
( ( )\___ | '_ | '_| | '_ \/ _` | \ \ \ \
 \\/  ___)| |_)| | | | | || (_| |  ) ) ) )
  '  |____| .__|_| |_|_| |_\__, | / / / /
 =========|_|==============|___/=/_/_/_/

 :: Spring Boot ::                (v4.0.2)

2026-03-12T21:33:56.483-03:00  INFO 12380 --- [carmaqcontrol] [  restartedMain] com.example.CarmarqControlApplication    : Starting CarmarqControlApplication using Java 25.0.1 with PID 12380 (C:\Users\gabri\Downloads\CarmaqControl\target\classes started by gabri in C:\Users\gabri\Downloads\CarmaqControl)
2026-03-12T21:33:56.484-03:00  INFO 12380 --- [carmaqcontrol] [  restartedMain] com.example.CarmarqControlApplication    : No active profile set, falling back to 1 default profile: "default"
2026-03-12T21:33:56.830-03:00  INFO 12380 --- [carmaqcontrol] [  restartedMain] .s.d.r.c.RepositoryConfigurationDelegate : Bootstrapping Spring Data JPA repositories in DEFAULT mode.
2026-03-12T21:33:56.844-03:00  INFO 12380 --- [carmaqcontrol] [  restartedMain] .s.d.r.c.RepositoryConfigurationDelegate : Finished Spring Data repository scanning in 13 ms. Found 1 JPA repository interface.
2026-03-12T21:33:56.927-03:00  INFO 12380 --- [carmaqcontrol] [  restartedMain] o.s.boot.tomcat.TomcatWebServer          : Tomcat initialized with port 8080 (http)
2026-03-12T21:33:56.927-03:00  INFO 12380 --- [carmaqcontrol] [  restartedMain] o.apache.catalina.core.StandardService   : Starting service [Tomcat]
2026-03-12T21:33:56.928-03:00  INFO 12380 --- [carmaqcontrol] [  restartedMain] o.apache.catalina.core.StandardEngine    : Starting Servlet engine: [Apache Tomcat/11.0.15]
2026-03-12T21:33:56.951-03:00  INFO 12380 --- [carmaqcontrol] [  restartedMain] b.w.c.s.WebApplicationContextInitializer : Root WebApplicationContext: initialization completed in 465 ms
2026-03-12T21:33:56.984-03:00  INFO 12380 --- [carmaqcontrol] [  restartedMain] org.hibernate.orm.jpa                    : HHH008540: Processing PersistenceUnitInfo [name: default]
2026-03-12T21:33:57.030-03:00  INFO 12380 --- [carmaqcontrol] [  restartedMain] o.s.o.j.p.SpringPersistenceUnitInfo      : No LoadTimeWeaver setup: ignoring JPA class transformer
2026-03-12T21:33:57.033-03:00  INFO 12380 --- [carmaqcontrol] [  restartedMain] com.zaxxer.hikari.HikariDataSource       : HikariPool-2 - Starting...
2026-03-12T21:33:57.090-03:00  INFO 12380 --- [carmaqcontrol] [  restartedMain] com.zaxxer.hikari.pool.HikariPool        : HikariPool-2 - Added connection org.postgresql.jdbc.PgConnection@7687c524
2026-03-12T21:33:57.091-03:00  INFO 12380 --- [carmaqcontrol] [  restartedMain] com.zaxxer.hikari.HikariDataSource       : HikariPool-2 - Start completed.
2026-03-12T21:33:57.099-03:00  WARN 12380 --- [carmaqcontrol] [  restartedMain] org.hibernate.orm.deprecation            : HHH90000025: PostgreSQLDialect does not need to be specified explicitly using 'hibernate.dialect' (remove the property setting and it will be selected by default)
2026-03-12T21:33:57.105-03:00  INFO 12380 --- [carmaqcontrol] [  restartedMain] org.hibernate.orm.connections.pooling    : HHH10001005: Database info:
	Database JDBC URL [jdbc:postgresql://localhost:5432/carmaqcontrol]
	Database driver: PostgreSQL JDBC Driver
	Database dialect: PostgreSQLDialect
	Database version: 17.5
	Default catalog/schema: carmaqcontrol/public
	Autocommit mode: undefined/unknown
	Isolation level: READ_COMMITTED [default READ_COMMITTED]
	JDBC fetch size: none
	Pool: DataSourceConnectionProvider
	Minimum pool size: undefined/unknown
	Maximum pool size: undefined/unknown
2026-03-12T21:33:57.154-03:00  INFO 12380 --- [carmaqcontrol] [  restartedMain] org.hibernate.orm.core                   : HHH000489: No JTA platform available (set 'hibernate.transaction.jta.platform' to enable JTA platform integration)
2026-03-12T21:33:57.184-03:00  INFO 12380 --- [carmaqcontrol] [  restartedMain] j.LocalContainerEntityManagerFactoryBean : Initialized JPA EntityManagerFactory for persistence unit 'default'
2026-03-12T21:33:57.268-03:00  WARN 12380 --- [carmaqcontrol] [  restartedMain] JpaBaseConfiguration$JpaWebConfiguration : spring.jpa.open-in-view is enabled by default. Therefore, database queries may be performed during view rendering. Explicitly configure spring.jpa.open-in-view to disable this warning
2026-03-12T21:33:57.284-03:00  INFO 12380 --- [carmaqcontrol] [  restartedMain] r$InitializeUserDetailsManagerConfigurer : Global AuthenticationManager configured with UserDetailsService bean with name usuarioService
2026-03-12T21:33:57.368-03:00  INFO 12380 --- [carmaqcontrol] [  restartedMain] o.s.boot.tomcat.TomcatWebServer          : Tomcat started on port 8080 (http) with context path '/'
2026-03-12T21:33:57.371-03:00  INFO 12380 --- [carmaqcontrol] [  restartedMain] com.example.CarmarqControlApplication    : Started CarmarqControlApplication in 0.912 seconds (process running for 95.328)
2026-03-12T21:33:57.372-03:00  INFO 12380 --- [carmaqcontrol] [  restartedMain] .ConditionEvaluationDeltaLoggingListener : Condition evaluation unchanged
2026-03-12T21:35:24.740-03:00  INFO 12380 --- [carmaqcontrol] [nio-8080-exec-1] o.a.c.c.C.[Tomcat].[localhost].[/]       : Initializing Spring DispatcherServlet 'dispatcherServlet'
2026-03-12T21:35:24.741-03:00  INFO 12380 --- [carmaqcontrol] [nio-8080-exec-1] o.s.web.servlet.DispatcherServlet        : Initializing Servlet 'dispatcherServlet'
2026-03-12T21:35:24.743-03:00  INFO 12380 --- [carmaqcontrol] [nio-8080-exec-1] o.s.web.servlet.DispatcherServlet        : Completed initialization in 1 ms
2026-03-12T21:35:24.803-03:00  INFO 12380 --- [carmaqcontrol] [io-8080-exec-10] o.apache.tomcat.util.http.parser.Cookie  : A cookie header was received [g_state={"i_l":0,"i_ll":1773081729606,"i_e":{"enable_itp_optimization":0},"i_b":"9+NWJFF6cHVTWAuy4wYyztDLwA3eGx/jUEvsi7Swtk0"};] that contained an invalid cookie. That cookie will be ignored.
 Note: further occurrences of this error will be logged at DEBUG level.
Hibernate: 
    select
        u1_0.id,
        u1_0.ativo,
        u1_0.created_at,
        u1_0.email,
        u1_0.nome,
        u1_0.role,
        u1_0.senha_hash,
        u1_0.telefone 
    from
        usuarios u1_0 
    where
        u1_0.email=?
Hibernate: 
    select
        u1_0.id,
        u1_0.ativo,
        u1_0.created_at,
        u1_0.email,
        u1_0.nome,
        u1_0.role,
        u1_0.senha_hash,
        u1_0.telefone 
    from
        usuarios u1_0 
    where
        u1_0.email=?
Hibernate: 
    select
        u1_0.id,
        u1_0.ativo,
        u1_0.created_at,
        u1_0.email,
        u1_0.nome,
        u1_0.role,
        u1_0.senha_hash,
        u1_0.telefone 
    from
        usuarios u1_0 
    where
        u1_0.email=?
Hibernate: 
    select
        u1_0.id,
        u1_0.ativo,
        u1_0.created_at,
        u1_0.email,
        u1_0.nome,
        u1_0.role,
        u1_0.senha_hash,
        u1_0.telefone 
    from
        usuarios u1_0 
    where
        u1_0.email=?
2026-03-12T21:36:04.013-03:00  INFO 12380 --- [carmaqcontrol] [ionShutdownHook] o.s.boot.tomcat.GracefulShutdown         : Commencing graceful shutdown. Waiting for active requests to complete
^CDeseja finalizar o arquivo em lotes (S/N)? 2026-03-12T21:36:04.019-03:00  INFO 12380 --- [carmaqcontrol] [tomcat-shutdown] o.s.boot.tomcat.GracefulShutdown         : Graceful shutdown complete
2026-03-12T21:36:04.022-03:00  INFO 12380 --- [carmaqcontrol] [ionShutdownHook] j.LocalContainerEntityManagerFactoryBean : Closing JPA EntityManagerFactory for persistence unit 'default'
2026-03-12T21:36:04.023-03:00  INFO 12380 --- [carmaqcontrol] [ionShutdownHook] com.zaxxer.hikari.HikariDataSource       : HikariPool-2 - Shutdown initiated...
2026-03-12T21:36:04.029-03:00  INFO 12380 --- [carmaqcontrol] [ionShutdownHook] com.zaxxer.hikari.HikariDataSource       : HikariPool-2 - Shutdown completed.
[INFO] ------------------------------------------------------------------------
[INFO] BUILD SUCCESS
[INFO] ------------------------------------------------------------------------
[INFO] Total time:  03:43 min
[INFO] Finished at: 2026-03-12T21:36:04-03:00
[INFO] ------------------------------------------------------------------------
